Ansys Lumerical 2020 R2.4 FDTD Solver Version 8.24.2502 (Windows 64bit)
 expires (month/day/year): 12/31/2035
using config file: Ansys Licensing set with ANSYSLMD_LICENSE_FILE
license host: 
current time: Tue Feb 24 18:30:49 2026
Running on host: WINDOWS-LVMP9C9
host available memory (GB): 20.910576
All processes are communicating and ready to proceed to simulation...
Running fsp file: C:\Program Files\Lumerical\v202\bin\fdtd-engine-msmpi.exe -t 1 -remote C:/Users/user/Documents/Arseniy/SWITCHING_V2.1/SWITCHING_V2.1/COMSOL/trdt.fsp
number of processors is 4
processors are distributed as: 2x2x1
Running 2D Simulation
Starting meshing
Simulation size in gridpoints: 242 x 240 x 1
Refined 0 mesh cells (0%)
Completed meshing!
Meshing complete in 0.015625 seconds of CPU time
13608 13608
Starting meshing
Simulation size in gridpoints: 242 x 240 x 1
Refined 0 mesh cells (0%)
Completed meshing!
Meshing complete in 0.015625 seconds of CPU time
13944 13944
finished material properties
Selected kernel with optimization level: 2 and split-field propagation direction: 0
Starting meshing
Simulation size in gridpoints: 242 x 240 x 1
Refined 0 mesh cells (0%)
Completed meshing!
Meshing complete in 0.015625 seconds of CPU time
4776 4776
Selected kernel with optimization level: 2 and split-field propagation direction: 0
-----------------------------------------
Beginning initialization of 2D FDTD Simulation
  Including TE Simulation
Starting to add sources to simulation

Adding Gaussian source propagating in X
Starting to add boundary conditions to simulation
Adding PML BC
Adding parallel BC
Adding PML BC
Adding parallel BC
Starting to add monitors to Simulation
Adding analysis monitor
Adding frequency monitor
Adding frequency monitor
Adding frequency monitor
Finished initialization of 2D Simulation
-----------------------------------------
All processes are communicating and ready to proceed to simulation...
Starting 15564 total iterations
0.308395% complete. Max time remaining: 14 secs. Auto Shutoff: 1
1.54197% complete. Max time remaining: 14 secs. Auto Shutoff: 1
3.18674% complete. Max time remaining: 13 secs. Auto Shutoff: 1
6.47629% complete. Max time remaining: 13 secs. Auto Shutoff: 0.99945
13.0554% complete. Max time remaining: 12 secs. Auto Shutoff: 0.869307
26.2135% complete. Max time remaining: 10 secs. Auto Shutoff: 0.000484411
31.1029% complete. Max time remaining: 9 secs. Auto Shutoff: 6.43075e-06
100% complete. Max time remaining: 0 mins, 0 secs. Auto Shutoff: 6.43075e-06
Early termination of simulation, the autoshutoff criteria are satisfied.
Completed 4841 iterations, or 3.110289e-13s of Simulation Time
Process 0 starting to collect data
    collecting TM monitor data
    collecting TE monitor data
    collecting TM source data
    collecting TE source data
Finished collecting data
Simulation completed successfully at: Tue Feb 24 18:30:54 2026
Overall wall time measurements in seconds: 5.70091
    time to mesh and initialize: 0.063378
    time to run FDTD simulation: 4.27529
    time to checkpoint simulation: 2e-07
    time to finalize data and save to files: 0.643697
    miscellaneous time: 0.718541
    FDTD solver speed on process 0: 65.7652 Mnodes/s
    total FDTD solver speed on 4 processes: 263.061 Mnodes/s
